{
  message: 'Server started on port 5000',
  level: 'info',
  serviceName: 'auth-service',
  timestamp: '2025-12-21T11:07:53.336Z'
}
{
  message: 'Server started on port 5000',
  level: 'info',
  serviceName: 'auth-service',
  timestamp: '2025-12-21T11:14:19.268Z'
}
{
  message: 'Server started on port 5000',
  level: 'info',
  serviceName: 'auth-service',
  timestamp: '2025-12-21T11:55:31.010Z'
}
{
  serviceName: 'auth-service',
  message: 'An error occurred Bad Request Example',
  level: 'error',
  timestamp: '2025-12-21T11:56:48.455Z'
}
{
  serviceName: 'auth-service',
  message: 'An error occurred Bad Request Example',
  level: 'error',
  timestamp: '2025-12-21T11:56:59.389Z'
}
{
  message: 'Server started on port 5000',
  level: 'info',
  serviceName: 'auth-service',
  timestamp: '2025-12-21T12:05:26.239Z'
}
{
  message: 'Server started on port 5000',
  level: 'info',
  serviceName: 'auth-service',
  timestamp: '2025-12-21T12:07:30.284Z'
}
{
  message: 'Server started on port 5000',
  level: 'info',
  serviceName: 'auth-service',
  timestamp: '2025-12-21T12:10:02.147Z'
}
{
  message: 'Server started on port 5000',
  level: 'info',
  serviceName: 'auth-service',
  timestamp: '2025-12-21T13:42:11.936Z'
}
{
  message: 'Server started on port 5000',
  level: 'info',
  serviceName: 'auth-service',
  timestamp: '2025-12-28T05:54:58.035Z'
}
{
  serviceName: 'auth-service',
  message: "An error occurred Cannot destructure property 'firstName' of 'req.body' as it is undefined.",
  level: 'error',
  timestamp: '2026-01-11T02:38:56.373Z'
}
{
  serviceName: 'auth-service',
  message: 'An error occurred null value in column "email" of relation "user" violates not-null constraint',
  level: 'error',
  timestamp: '2026-01-11T02:40:02.890Z'
}
{
  serviceName: 'auth-service',
  message: 'An error occurred null value in column "email" of relation "user" violates not-null constraint',
  level: 'error',
  timestamp: '2026-01-11T02:40:04.534Z'
}
{
  serviceName: 'auth-service',
  message: 'An error occurred null value in column "pass" of relation "user" violates not-null constraint',
  level: 'error',
  timestamp: '2026-01-11T02:43:13.245Z'
}
{
  serviceName: 'auth-service',
  message: 'An error occurred null value in column "firstName" of relation "user" violates not-null constraint',
  level: 'error',
  timestamp: '2026-01-11T02:44:45.465Z'
}
{
  serviceName: 'auth-service',
  message: 'An error occurred null value in column "firstName" of relation "user" violates not-null constraint',
  level: 'error',
  timestamp: '2026-01-11T02:44:45.509Z'
}
{
  serviceName: 'auth-service',
  message: 'An error occurred null value in column "firstName" of relation "user" violates not-null constraint',
  level: 'error',
  timestamp: '2026-01-11T02:45:20.534Z'
}
{
  serviceName: 'auth-service',
  message: 'An error occurred null value in column "firstName" of relation "user" violates not-null constraint',
  level: 'error',
  timestamp: '2026-01-11T02:45:20.565Z'
}
{
  serviceName: 'auth-service',
  message: 'An error occurred null value in column "firstName" of relation "user" violates not-null constraint',
  level: 'error',
  timestamp: '2026-01-11T02:46:08.462Z'
}
{
  serviceName: 'auth-service',
  message: 'An error occurred null value in column "firstName" of relation "user" violates not-null constraint',
  level: 'error',
  timestamp: '2026-01-11T02:46:08.493Z'
}
{
  serviceName: 'auth-service',
  message: 'An error occurred null value in column "firstName" of relation "user" violates not-null constraint',
  level: 'error',
  timestamp: '2026-01-11T02:47:33.249Z'
}
{
  serviceName: 'auth-service',
  message: 'An error occurred null value in column "firstName" of relation "user" violates not-null constraint',
  level: 'error',
  timestamp: '2026-01-11T02:47:33.329Z'
}
{
  serviceName: 'auth-service',
  message: 'An error occurred null value in column "firstName" of relation "user" violates not-null constraint',
  level: 'error',
  timestamp: '2026-01-11T02:47:39.079Z'
}
{
  serviceName: 'auth-service',
  message: 'An error occurred null value in column "firstName" of relation "user" violates not-null constraint',
  level: 'error',
  timestamp: '2026-01-11T02:47:39.139Z'
}
{
  serviceName: 'auth-service',
  message: "An error occurred Cannot read properties of undefined (reading 'userService')",
  level: 'error',
  timestamp: '2026-01-11T03:41:40.626Z'
}
{
  serviceName: 'auth-service',
  message: "An error occurred Cannot read properties of undefined (reading 'userService')",
  level: 'error',
  timestamp: '2026-01-11T03:41:40.802Z'
}
{
  serviceName: 'auth-service',
  message: "An error occurred Cannot read properties of undefined (reading 'userService')",
  level: 'error',
  timestamp: '2026-01-11T03:41:41.003Z'
}
{
  serviceName: 'auth-service',
  message: "An error occurred Cannot read properties of undefined (reading 'userService')",
  level: 'error',
  timestamp: '2026-01-11T03:43:01.355Z'
}
{
  serviceName: 'auth-service',
  message: "An error occurred Cannot read properties of undefined (reading 'userService')",
  level: 'error',
  timestamp: '2026-01-11T03:43:01.385Z'
}
{
  serviceName: 'auth-service',
  message: "An error occurred Cannot read properties of undefined (reading 'userService')",
  level: 'error',
  timestamp: '2026-01-11T03:43:01.404Z'
}
{
  serviceName: 'auth-service',
  message: "An error occurred Cannot read properties of undefined (reading 'userService')",
  level: 'error',
  timestamp: '2026-01-11T03:43:43.241Z'
}
{
  serviceName: 'auth-service',
  message: "An error occurred Cannot read properties of undefined (reading 'userService')",
  level: 'error',
  timestamp: '2026-01-11T03:43:43.272Z'
}
{
  serviceName: 'auth-service',
  message: "An error occurred Cannot read properties of undefined (reading 'userService')",
  level: 'error',
  timestamp: '2026-01-11T03:43:43.289Z'
}
{
  serviceName: 'auth-service',
  message: "An error occurred Cannot read properties of undefined (reading 'userService')",
  level: 'error',
  timestamp: '2026-01-11T03:50:19.960Z'
}
{
  serviceName: 'auth-service',
  message: "An error occurred Cannot read properties of undefined (reading 'userService')",
  level: 'error',
  timestamp: '2026-01-11T03:50:19.987Z'
}
{
  serviceName: 'auth-service',
  message: "An error occurred Cannot read properties of undefined (reading 'userService')",
  level: 'error',
  timestamp: '2026-01-11T03:50:20.008Z'
}
{
  serviceName: 'auth-service',
  message: "An error occurred Cannot read properties of undefined (reading 'userService')",
  level: 'error',
  timestamp: '2026-01-11T03:50:48.655Z'
}
{
  serviceName: 'auth-service',
  message: "An error occurred Cannot read properties of undefined (reading 'userService')",
  level: 'error',
  timestamp: '2026-01-11T03:50:48.682Z'
}
{
  serviceName: 'auth-service',
  message: "An error occurred Cannot read properties of undefined (reading 'userService')",
  level: 'error',
  timestamp: '2026-01-11T03:50:48.705Z'
}
{
  serviceName: 'auth-service',
  message: "An error occurred Cannot read properties of undefined (reading 'userService')",
  level: 'error',
  timestamp: '2026-01-11T03:52:09.739Z'
}
{
  serviceName: 'auth-service',
  message: "An error occurred Cannot read properties of undefined (reading 'userService')",
  level: 'error',
  timestamp: '2026-01-11T03:52:09.869Z'
}
{
  serviceName: 'auth-service',
  message: "An error occurred Cannot read properties of undefined (reading 'userService')",
  level: 'error',
  timestamp: '2026-01-11T03:52:09.888Z'
}
{
  serviceName: 'auth-service',
  message: "An error occurred Cannot read properties of undefined (reading 'userService')",
  level: 'error',
  timestamp: '2026-01-11T03:52:12.633Z'
}
{
  serviceName: 'auth-service',
  message: "An error occurred Cannot read properties of undefined (reading 'userService')",
  level: 'error',
  timestamp: '2026-01-11T03:52:12.662Z'
}
{
  serviceName: 'auth-service',
  message: "An error occurred Cannot read properties of undefined (reading 'userService')",
  level: 'error',
  timestamp: '2026-01-11T03:52:12.678Z'
}
{
  serviceName: 'auth-service',
  message: "An error occurred Cannot read properties of undefined (reading 'userService')",
  level: 'error',
  timestamp: '2026-01-11T03:52:42.964Z'
}
{
  serviceName: 'auth-service',
  message: "An error occurred Cannot read properties of undefined (reading 'userService')",
  level: 'error',
  timestamp: '2026-01-11T03:52:43.012Z'
}
{
  serviceName: 'auth-service',
  message: "An error occurred Cannot read properties of undefined (reading 'userService')",
  level: 'error',
  timestamp: '2026-01-11T03:52:43.036Z'
}
{
  serviceName: 'auth-service',
  message: "An error occurred Cannot read properties of undefined (reading 'userService')",
  level: 'error',
  timestamp: '2026-01-11T03:54:30.350Z'
}
{
  serviceName: 'auth-service',
  message: "An error occurred Cannot read properties of undefined (reading 'userService')",
  level: 'error',
  timestamp: '2026-01-11T03:54:30.390Z'
}
{
  serviceName: 'auth-service',
  message: "An error occurred Cannot read properties of undefined (reading 'userService')",
  level: 'error',
  timestamp: '2026-01-11T03:54:30.435Z'
}
{
  serviceName: 'auth-service',
  message: "An error occurred Cannot read properties of undefined (reading 'userService')",
  level: 'error',
  timestamp: '2026-01-11T03:54:58.169Z'
}
{
  serviceName: 'auth-service',
  message: "An error occurred Cannot read properties of undefined (reading 'userService')",
  level: 'error',
  timestamp: '2026-01-11T03:54:58.215Z'
}
{
  serviceName: 'auth-service',
  message: "An error occurred Cannot read properties of undefined (reading 'userService')",
  level: 'error',
  timestamp: '2026-01-11T03:54:58.239Z'
}
{
  serviceName: 'auth-service',
  message: "An error occurred Cannot read properties of undefined (reading 'userService')",
  level: 'error',
  timestamp: '2026-01-11T03:55:36.659Z'
}
{
  serviceName: 'auth-service',
  message: "An error occurred Cannot read properties of undefined (reading 'userService')",
  level: 'error',
  timestamp: '2026-01-11T03:55:36.721Z'
}
{
  serviceName: 'auth-service',
  message: "An error occurred Cannot read properties of undefined (reading 'userService')",
  level: 'error',
  timestamp: '2026-01-11T03:55:36.739Z'
}
{
  serviceName: 'auth-service',
  message: "An error occurred Cannot read properties of undefined (reading 'userService')",
  level: 'error',
  timestamp: '2026-01-11T03:58:10.342Z'
}
{
  serviceName: 'auth-service',
  message: "An error occurred Cannot read properties of undefined (reading 'userService')",
  level: 'error',
  timestamp: '2026-01-11T03:58:10.387Z'
}
{
  serviceName: 'auth-service',
  message: "An error occurred Cannot read properties of undefined (reading 'userService')",
  level: 'error',
  timestamp: '2026-01-11T03:58:10.410Z'
}
{
  serviceName: 'auth-service',
  message: "An error occurred Cannot read properties of undefined (reading 'userService')",
  level: 'error',
  timestamp: '2026-01-11T03:58:24.645Z'
}
{
  serviceName: 'auth-service',
  message: "An error occurred Cannot read properties of undefined (reading 'userService')",
  level: 'error',
  timestamp: '2026-01-11T03:58:24.674Z'
}
{
  serviceName: 'auth-service',
  message: "An error occurred Cannot read properties of undefined (reading 'userService')",
  level: 'error',
  timestamp: '2026-01-11T03:58:24.692Z'
}
{
  serviceName: 'auth-service',
  message: "An error occurred Cannot read properties of undefined (reading 'userService')",
  level: 'error',
  timestamp: '2026-01-11T03:58:42.524Z'
}
{
  serviceName: 'auth-service',
  message: "An error occurred Cannot read properties of undefined (reading 'userService')",
  level: 'error',
  timestamp: '2026-01-11T03:58:42.558Z'
}
{
  serviceName: 'auth-service',
  message: "An error occurred Cannot read properties of undefined (reading 'userService')",
  level: 'error',
  timestamp: '2026-01-11T03:58:42.600Z'
}
{
  serviceName: 'auth-service',
  message: "An error occurred Cannot read properties of undefined (reading 'userService')",
  level: 'error',
  timestamp: '2026-01-11T04:02:10.444Z'
}
{
  serviceName: 'auth-service',
  message: "An error occurred Cannot read properties of undefined (reading 'userService')",
  level: 'error',
  timestamp: '2026-01-11T04:02:10.476Z'
}
{
  serviceName: 'auth-service',
  message: "An error occurred Cannot read properties of undefined (reading 'userService')",
  level: 'error',
  timestamp: '2026-01-11T04:02:10.495Z'
}
{
  serviceName: 'auth-service',
  message: "An error occurred Cannot read properties of undefined (reading 'userService')",
  level: 'error',
  timestamp: '2026-01-11T04:02:34.022Z'
}
{
  serviceName: 'auth-service',
  message: "An error occurred Cannot read properties of undefined (reading 'userService')",
  level: 'error',
  timestamp: '2026-01-11T04:02:34.054Z'
}
{
  serviceName: 'auth-service',
  message: "An error occurred Cannot read properties of undefined (reading 'userService')",
  level: 'error',
  timestamp: '2026-01-11T04:02:34.072Z'
}
{
  serviceName: 'auth-service',
  message: "An error occurred Cannot read properties of undefined (reading 'userService')",
  level: 'error',
  timestamp: '2026-01-11T04:03:48.606Z'
}
{
  serviceName: 'auth-service',
  message: "An error occurred Cannot read properties of undefined (reading 'userService')",
  level: 'error',
  timestamp: '2026-01-11T04:03:48.661Z'
}
{
  serviceName: 'auth-service',
  message: "An error occurred Cannot read properties of undefined (reading 'userService')",
  level: 'error',
  timestamp: '2026-01-11T04:03:48.690Z'
}
{
  serviceName: 'auth-service',
  message: "An error occurred Cannot read properties of undefined (reading 'userService')",
  level: 'error',
  timestamp: '2026-01-11T04:03:55.473Z'
}
{
  serviceName: 'auth-service',
  message: "An error occurred Cannot read properties of undefined (reading 'userService')",
  level: 'error',
  timestamp: '2026-01-11T04:03:55.555Z'
}
{
  serviceName: 'auth-service',
  message: "An error occurred Cannot read properties of undefined (reading 'userService')",
  level: 'error',
  timestamp: '2026-01-11T04:03:55.571Z'
}
{
  serviceName: 'auth-service',
  message: "An error occurred Cannot read properties of undefined (reading 'userService')",
  level: 'error',
  timestamp: '2026-01-11T04:15:20.133Z'
}
{
  serviceName: 'auth-service',
  message: "An error occurred Cannot read properties of undefined (reading 'userService')",
  level: 'error',
  timestamp: '2026-01-11T04:15:20.244Z'
}
{
  serviceName: 'auth-service',
  message: "An error occurred Cannot read properties of undefined (reading 'userService')",
  level: 'error',
  timestamp: '2026-01-11T04:15:20.265Z'
}
{
  serviceName: 'auth-service',
  message: "An error occurred Cannot read properties of undefined (reading 'userService')",
  level: 'error',
  timestamp: '2026-01-11T04:15:30.543Z'
}
{
  serviceName: 'auth-service',
  message: "An error occurred Cannot read properties of undefined (reading 'userService')",
  level: 'error',
  timestamp: '2026-01-11T04:15:30.629Z'
}
{
  serviceName: 'auth-service',
  message: "An error occurred Cannot read properties of undefined (reading 'userService')",
  level: 'error',
  timestamp: '2026-01-11T04:15:30.646Z'
}
{
  serviceName: 'auth-service',
  message: "An error occurred Cannot read properties of undefined (reading 'userService')",
  level: 'error',
  timestamp: '2026-01-11T04:15:58.485Z'
}
{
  serviceName: 'auth-service',
  message: "An error occurred Cannot read properties of undefined (reading 'userService')",
  level: 'error',
  timestamp: '2026-01-11T04:15:58.516Z'
}
{
  serviceName: 'auth-service',
  message: "An error occurred Cannot read properties of undefined (reading 'userService')",
  level: 'error',
  timestamp: '2026-01-11T04:15:58.646Z'
}
{
  serviceName: 'auth-service',
  message: "An error occurred Cannot read properties of undefined (reading 'userService')",
  level: 'error',
  timestamp: '2026-01-11T04:16:47.617Z'
}
{
  serviceName: 'auth-service',
  message: "An error occurred Cannot read properties of undefined (reading 'userService')",
  level: 'error',
  timestamp: '2026-01-11T04:16:47.649Z'
}
{
  serviceName: 'auth-service',
  message: "An error occurred Cannot read properties of undefined (reading 'userService')",
  level: 'error',
  timestamp: '2026-01-11T04:16:47.772Z'
}
{
  serviceName: 'auth-service',
  message: "An error occurred Cannot read properties of undefined (reading 'userService')",
  level: 'error',
  timestamp: '2026-01-11T04:17:53.829Z'
}
{
  serviceName: 'auth-service',
  message: "An error occurred Cannot read properties of undefined (reading 'userService')",
  level: 'error',
  timestamp: '2026-01-11T04:17:53.855Z'
}
{
  serviceName: 'auth-service',
  message: "An error occurred Cannot read properties of undefined (reading 'userService')",
  level: 'error',
  timestamp: '2026-01-11T04:17:53.875Z'
}
{
  serviceName: 'auth-service',
  message: "An error occurred Cannot read properties of undefined (reading 'userService')",
  level: 'error',
  timestamp: '2026-01-11T04:18:26.285Z'
}
{
  serviceName: 'auth-service',
  message: "An error occurred Cannot read properties of undefined (reading 'userService')",
  level: 'error',
  timestamp: '2026-01-11T04:18:26.315Z'
}
{
  serviceName: 'auth-service',
  message: "An error occurred Cannot read properties of undefined (reading 'userService')",
  level: 'error',
  timestamp: '2026-01-11T04:18:26.335Z'
}
{
  serviceName: 'auth-service',
  message: "An error occurred Cannot read properties of undefined (reading 'userService')",
  level: 'error',
  timestamp: '2026-01-11T04:23:03.252Z'
}
{
  serviceName: 'auth-service',
  message: "An error occurred Cannot read properties of undefined (reading 'userService')",
  level: 'error',
  timestamp: '2026-01-11T04:23:03.279Z'
}
{
  serviceName: 'auth-service',
  message: "An error occurred Cannot read properties of undefined (reading 'userService')",
  level: 'error',
  timestamp: '2026-01-11T04:23:03.296Z'
}
{
  serviceName: 'auth-service',
  message: "An error occurred Cannot read properties of undefined (reading 'userService')",
  level: 'error',
  timestamp: '2026-01-11T04:23:48.558Z'
}
{
  serviceName: 'auth-service',
  message: "An error occurred Cannot read properties of undefined (reading 'userService')",
  level: 'error',
  timestamp: '2026-01-11T04:23:48.598Z'
}
{
  serviceName: 'auth-service',
  message: "An error occurred Cannot read properties of undefined (reading 'userService')",
  level: 'error',
  timestamp: '2026-01-11T04:23:48.672Z'
}
{
  serviceName: 'auth-service',
  message: "An error occurred Cannot read properties of undefined (reading 'userService')",
  level: 'error',
  timestamp: '2026-01-11T04:24:16.166Z'
}
{
  serviceName: 'auth-service',
  message: "An error occurred Cannot read properties of undefined (reading 'userService')",
  level: 'error',
  timestamp: '2026-01-11T04:24:16.193Z'
}
{
  serviceName: 'auth-service',
  message: "An error occurred Cannot read properties of undefined (reading 'userService')",
  level: 'error',
  timestamp: '2026-01-11T04:24:16.211Z'
}
{
  serviceName: 'auth-service',
  message: "An error occurred Cannot read properties of undefined (reading 'userService')",
  level: 'error',
  timestamp: '2026-01-11T04:24:25.977Z'
}
{
  serviceName: 'auth-service',
  message: "An error occurred Cannot read properties of undefined (reading 'userService')",
  level: 'error',
  timestamp: '2026-01-11T04:24:26.048Z'
}
{
  serviceName: 'auth-service',
  message: "An error occurred Cannot read properties of undefined (reading 'userService')",
  level: 'error',
  timestamp: '2026-01-11T04:24:26.110Z'
}
{
  serviceName: 'auth-service',
  message: "An error occurred Cannot read properties of undefined (reading 'userService')",
  level: 'error',
  timestamp: '2026-01-11T04:25:22.466Z'
}
{
  serviceName: 'auth-service',
  message: "An error occurred Cannot read properties of undefined (reading 'userService')",
  level: 'error',
  timestamp: '2026-01-11T04:25:22.504Z'
}
{
  serviceName: 'auth-service',
  message: "An error occurred Cannot read properties of undefined (reading 'userService')",
  level: 'error',
  timestamp: '2026-01-11T04:25:22.524Z'
}
{
  serviceName: 'auth-service',
  message: "An error occurred Cannot read properties of undefined (reading 'userService')",
  level: 'error',
  timestamp: '2026-01-11T04:34:23.749Z'
}
{
  serviceName: 'auth-service',
  message: "An error occurred Cannot read properties of undefined (reading 'userService')",
  level: 'error',
  timestamp: '2026-01-11T04:34:23.841Z'
}
{
  serviceName: 'auth-service',
  message: "An error occurred Cannot read properties of undefined (reading 'userService')",
  level: 'error',
  timestamp: '2026-01-11T04:34:23.861Z'
}
{
  serviceName: 'auth-service',
  message: "An error occurred Cannot read properties of undefined (reading 'save')",
  level: 'error',
  timestamp: '2026-01-11T04:44:42.806Z'
}
{
  serviceName: 'auth-service',
  message: "An error occurred Cannot read properties of undefined (reading 'save')",
  level: 'error',
  timestamp: '2026-01-11T04:44:43.108Z'
}
{
  serviceName: 'auth-service',
  message: "An error occurred Cannot read properties of undefined (reading 'save')",
  level: 'error',
  timestamp: '2026-01-11T04:44:43.312Z'
}
